2022-12-14 11:40:52 [scrapy] DEBUG: Crawled (200) <GET https://bkm.wawlabs.com/avx_wse?cm=conv&f=True&d=True&q=nutuk> (referer: None) ['cached']
2022-12-14 11:40:52 [scrapy] DEBUG: Scraped from <200 https://bkm.wawlabs.com/avx_wse?cm=conv&f=True&d=True&q=nutuk>
{'title': 'Gençler İçin Fotoğraflarla Nutuk', 'author': 'Mustafa Kemal Atatürk', 'price': '30.00', 'publisher': 'İş Bankası Kültür Yayınları', 'image_url': 'https://cdn.bkmkitap.com/Data/B/D14/13012014.jpg', 'product_url': 'https://bkmkitap.com/gencler-icin-fotograflarla-nutuk', 'provider': 'BKM Kitap'}
2022-12-14 11:40:52 [scrapy] DEBUG: Scraped from <200 https://bkm.wawlabs.com/avx_wse?cm=conv&f=True&d=True&q=nutuk>
{'title': 'Nutuk', 'author': 'Mustafa Kemal Atatürk', 'price': '12.00', 'publisher': 'İş Bankası Kültür Yayınları', 'image_url': 'https://cdn.bkmkitap.com/Data/B/D57/12477423.png', 'product_url': 'https://bkmkitap.com/nutuk-577429', 'provider': 'BKM Kitap'}
2022-12-14 11:40:52 [scrapy] DEBUG: Scraped from <200 https://bkm.wawlabs.com/avx_wse?cm=conv&f=True&d=True&q=nutuk>
{'title': 'Nutuk', 'author': 'Mustafa Kemal Atatürk', 'price': '60.00', 'publisher': 'Ren Kitap - Özel Ürün', 'image_url': 'https://cdn.bkmkitap.com/Data/B/D23/11651596.jpg', 'product_url': 'https://bkmkitap.com/nutuk-ciltli-236799', 'provider': 'BKM Kitap'}
2022-12-14 11:40:52 [scrapy] DEBUG: Scraped from <200 https://bkm.wawlabs.com/avx_wse?cm=conv&f=True&d=True&q=nutuk>
{'title': 'Nutuk', 'author': 'Mustafa Kemal Atatürk', 'price': '7.00', 'publisher': 'Say Yayınları', 'image_url': 'https://cdn.bkmkitap.com/Data/B/D41/11538660.jpg', 'product_url': 'https://bkmkitap.com/nutuk-41225', 'provider': 'BKM Kitap'}
2022-12-14 11:40:52 [scrapy] DEBUG: Scraped from <200 https://bkm.wawlabs.com/avx_wse?cm=conv&f=True&d=True&q=nutuk>
{'title': 'Nutuk', 'author': 'Mustafa Kemal Atatürk', 'price': '31.85', 'publisher': 'İskele Yayıncılık', 'image_url': 'https://cdn.bkmkitap.com/Data/B/D40/11572405.jpg', 'product_url': 'https://bkmkitap.com/nutuk-iskele-yayincilik', 'provider': 'BKM Kitap'}
2022-12-14 11:40:52 [scrapy] DEBUG: Scraped from <200 https://bkm.wawlabs.com/avx_wse?cm=conv&f=True&d=True&q=nutuk>
{'title': 'Nutuk', 'author': 'Mustafa Kemal Atatürk', 'price': '145.44', 'publisher': 'Berikan Yayınları', 'image_url': 'https://cdn.bkmkitap.com/Data/B/D74/11548647.jpg', 'product_url': 'https://bkmkitap.com/nutuk-74194', 'provider': 'BKM Kitap'}
2022-12-14 11:40:52 [scrapy] DEBUG: Scraped from <200 https://bkm.wawlabs.com/avx_wse?cm=conv&f=True&d=True&q=nutuk>
{'title': 'Nutuk', 'author': 'Mustafa Kemal Atatürk', 'price': '31.85', 'publisher': 'Doğan Kitap', 'image_url': 'https://cdn.bkmkitap.com/Data/B/D92/11551673.jpg', 'product_url': 'https://bkmkitap.com/nutuk-dogan-kitap', 'provider': 'BKM Kitap'}
2022-12-14 11:40:52 [scrapy] DEBUG: Scraped from <200 https://bkm.wawlabs.com/avx_wse?cm=conv&f=True&d=True&q=nutuk>
{'title': 'Nutuk', 'author': 'Mustafa Kemal Atatürk', 'price': '40.50', 'publisher': 'Palme Yayıncılık - Akademik Kitaplar', 'image_url': 'https://cdn.bkmkitap.com/Data/B/D97/11560936.jpg', 'product_url': 'https://bkmkitap.com/nutuk-palme-yayincilik', 'provider': 'BKM Kitap'}
2022-12-14 11:40:52 [scrapy] DEBUG: Scraped from <200 https://bkm.wawlabs.com/avx_wse?cm=conv&f=True&d=True&q=nutuk>
{'title': 'Nutuk', 'author': 'Mustafa Kemal Atatürk', 'price': '77.90', 'publisher': 'Elips Kitap', 'image_url': 'https://cdn.bkmkitap.com/Data/B/D14/11581292.jpg', 'product_url': 'https://bkmkitap.com/nutuk-144582', 'provider': 'BKM Kitap'}
2022-12-14 11:40:52 [scrapy] DEBUG: Scraped from <200 https://bkm.wawlabs.com/avx_wse?cm=conv&f=True&d=True&q=nutuk>
{'title': 'Nutuk', 'author': 'Mustafa Kemal Atatürk', 'price': '30.00', 'publisher': 'Yakamoz Yayınevi', 'image_url': 'https://cdn.bkmkitap.com/Data/B/D14/11561720.jpg', 'product_url': 'https://bkmkitap.com/nutuk-yakamoz-yayinevi', 'provider': 'BKM Kitap'}
2022-12-14 11:40:52 [scrapy] INFO: Closing spider (finished)
2022-12-14 11:40:52 [scrapy] INFO: Dumping Scrapy stats:
{'downloader/request_bytes': 252,
 'downloader/request_count': 1,
 'downloader/request_method_count/GET': 1,
 'downloader/response_bytes': 11952,
 'downloader/response_count': 1,
 'downloader/response_status_count/200': 1,
 'elapsed_time_seconds': 0.158621,
 'finish_reason': 'finished',
 'finish_time': datetime.datetime(2022, 12, 14, 8, 40, 52, 439183),
 'httpcache/hit': 1,
 'httpcompression/response_bytes': 104943,
 'httpcompression/response_count': 1,
 'item_scraped_count': 10,
 'log_count/DEBUG': 22,
 'log_count/INFO': 25,
 'response_received_count': 1,
 'scheduler/dequeued': 1,
 'scheduler/dequeued/memory': 1,
 'scheduler/enqueued': 1,
 'scheduler/enqueued/memory': 1,
 'start_time': datetime.datetime(2022, 12, 14, 8, 40, 52, 280562)}
2022-12-14 11:40:52 [scrapy] INFO: Spider closed (finished)
