2022-12-14 14:42:47 [scrapy] DEBUG: Crawled (200) <GET https://bkm.wawlabs.com/avx_wse?cm=conv&f=True&d=True&q=budala> (referer: None) ['cached']
2022-12-14 14:42:47 [scrapy] DEBUG: Scraped from <200 https://bkm.wawlabs.com/avx_wse?cm=conv&f=True&d=True&q=budala>
{'title': 'Budala', 'author': 'Fyodor Mihayloviç Dostoyevski', 'price': '38.40', 'publisher': 'İş Bankası Kültür Yayınları', 'image_url': 'https://cdn.bkmkitap.com/Data/B/D11/11566649.png', 'product_url': 'https://bkmkitap.com/budala-114783', 'provider': 'BKM Kitap'}
2022-12-14 14:42:47 [scrapy] DEBUG: Scraped from <200 https://bkm.wawlabs.com/avx_wse?cm=conv&f=True&d=True&q=budala>
{'title': 'Budala', 'author': 'Fyodor Mihayloviç Dostoyevski', 'price': '76.50', 'publisher': 'İletişim Yayınevi', 'image_url': 'https://cdn.bkmkitap.com/Data/B/D33/11585259.jpg', 'product_url': 'https://bkmkitap.com/budala', 'provider': 'BKM Kitap'}
2022-12-14 14:42:47 [scrapy] DEBUG: Scraped from <200 https://bkm.wawlabs.com/avx_wse?cm=conv&f=True&d=True&q=budala>
{'title': 'Budala', 'author': 'Fyodor Mihayloviç Dostoyevski', 'price': '31.25', 'publisher': 'Anonim Yayıncılık', 'image_url': 'https://cdn.bkmkitap.com/Data/B/D55/11543039.jpg', 'product_url': 'https://bkmkitap.com/budala-11060', 'provider': 'BKM Kitap'}
2022-12-14 14:42:47 [scrapy] DEBUG: Scraped from <200 https://bkm.wawlabs.com/avx_wse?cm=conv&f=True&d=True&q=budala>
{'title': 'Budala', 'author': 'Fyodor Mihayloviç Dostoyevski', 'price': '55.80', 'publisher': 'Oda Yayınları', 'image_url': 'https://cdn.bkmkitap.com/Data/B/D13/11634615.jpg', 'product_url': 'https://bkmkitap.com/budala-13107', 'provider': 'BKM Kitap'}
2022-12-14 14:42:47 [scrapy] DEBUG: Scraped from <200 https://bkm.wawlabs.com/avx_wse?cm=conv&f=True&d=True&q=budala>
{'title': 'Budala', 'author': 'Fyodor Mihayloviç Dostoyevski', 'price': '69.00', 'publisher': 'Everest Yayinlari', 'image_url': 'https://cdn.bkmkitap.com/Data/B/D22/11561831.jpg', 'product_url': 'https://bkmkitap.com/budala-22074', 'provider': 'BKM Kitap'}
2022-12-14 14:42:48 [scrapy] DEBUG: Scraped from <200 https://bkm.wawlabs.com/avx_wse?cm=conv&f=True&d=True&q=budala>
{'title': 'Budala', 'author': 'Fyodor Mihayloviç Dostoyevski', 'price': '45.50', 'publisher': 'Şule Yayınları', 'image_url': 'https://cdn.bkmkitap.com/Data/B/D41/12523157.jpg', 'product_url': 'https://bkmkitap.com/budala-41908', 'provider': 'BKM Kitap'}
2022-12-14 14:42:48 [scrapy] DEBUG: Scraped from <200 https://bkm.wawlabs.com/avx_wse?cm=conv&f=True&d=True&q=budala>
{'title': 'Budala', 'author': 'Fyodor Mihayloviç Dostoyevski', 'price': '77.00', 'publisher': 'Öteki Yayınevi', 'image_url': 'https://cdn.bkmkitap.com/Data/B/D21/11641694.jpg', 'product_url': 'https://bkmkitap.com/budala-ciltli-212959', 'provider': 'BKM Kitap'}
2022-12-14 14:42:48 [scrapy] DEBUG: Scraped from <200 https://bkm.wawlabs.com/avx_wse?cm=conv&f=True&d=True&q=budala>
{'title': 'BUDALA', 'author': 'Fyodor Mihayloviç Dostoyevski', 'price': '24.75', 'publisher': 'Nora Kitap', 'image_url': 'https://cdn.bkmkitap.com/Data/B/D28/11347009.jpg', 'product_url': 'https://bkmkitap.com/budala-286789', 'provider': 'BKM Kitap'}
2022-12-14 14:42:48 [scrapy] DEBUG: Scraped from <200 https://bkm.wawlabs.com/avx_wse?cm=conv&f=True&d=True&q=budala>
{'title': 'Budala', 'author': 'Fyodor Mihayloviç Dostoyevski', 'price': '45.60', 'publisher': 'Dorlion Yayınevi', 'image_url': 'https://cdn.bkmkitap.com/Data/B/D38/8251959.jpg', 'product_url': 'https://bkmkitap.com/budala-383886', 'provider': 'BKM Kitap'}
2022-12-14 14:42:48 [scrapy] DEBUG: Scraped from <200 https://bkm.wawlabs.com/avx_wse?cm=conv&f=True&d=True&q=budala>
{'title': 'Budala', 'author': 'Fyodor Mihayloviç Dostoyevski', 'price': '63.00', 'publisher': 'Can Yayınları', 'image_url': 'https://cdn.bkmkitap.com/Data/B/D39/9499259.jpg', 'product_url': 'https://bkmkitap.com/budala-can-yayinlari', 'provider': 'BKM Kitap'}
2022-12-14 14:42:48 [scrapy] INFO: Closing spider (finished)
2022-12-14 14:42:48 [scrapy] INFO: Dumping Scrapy stats:
{'downloader/request_bytes': 253,
 'downloader/request_count': 1,
 'downloader/request_method_count/GET': 1,
 'downloader/response_bytes': 16143,
 'downloader/response_count': 1,
 'downloader/response_status_count/200': 1,
 'elapsed_time_seconds': 0.15129,
 'finish_reason': 'finished',
 'finish_time': datetime.datetime(2022, 12, 14, 11, 42, 48, 16162),
 'httpcache/hit': 1,
 'httpcompression/response_bytes': 175800,
 'httpcompression/response_count': 1,
 'item_scraped_count': 10,
 'log_count/DEBUG': 14,
 'log_count/INFO': 7,
 'response_received_count': 1,
 'scheduler/dequeued': 1,
 'scheduler/dequeued/memory': 1,
 'scheduler/enqueued': 1,
 'scheduler/enqueued/memory': 1,
 'start_time': datetime.datetime(2022, 12, 14, 11, 42, 47, 864872)}
2022-12-14 14:42:48 [scrapy] INFO: Spider closed (finished)
