2022-12-14 11:44:01 [scrapy] DEBUG: Crawled (200) <GET https://www.amazon.com.tr/s?k=nutuk&i=stripbooks> (referer: None) ['cached']
2022-12-14 11:44:01 [scrapy] DEBUG: Crawled (200) <GET https://www.amazon.com.tr/Nutuk-Kutulu-Ciltli-Mustafa-Atat%C3%BCrk/dp/9750820037/ref=sr_1_1?keywords=nutuk&qid=1670937730&s=books&sr=1-1> (referer: https://www.amazon.com.tr/s?k=nutuk&i=stripbooks) ['cached']
2022-12-14 11:44:01 [scrapy] DEBUG: Crawled (200) <GET https://www.amazon.com.tr/Nutuk-Foto%C4%9Fraflarla-Mustafa-Kemal-Atat%C3%BCrk/dp/6059371841/ref=sr_1_10?keywords=nutuk&qid=1670937730&s=books&sr=1-10> (referer: https://www.amazon.com.tr/s?k=nutuk&i=stripbooks) ['cached']
2022-12-14 11:44:01 [scrapy] DEBUG: Crawled (200) <GET https://www.amazon.com.tr/G%C3%BCn%C3%BCm%C3%BCz-T%C3%BCrk%C3%A7esiyle-Nutuk-Mustafa-Atat%C3%BCrk/dp/9750842952/ref=sr_1_9?keywords=nutuk&qid=1670937730&s=books&sr=1-9> (referer: https://www.amazon.com.tr/s?k=nutuk&i=stripbooks) ['cached']
2022-12-14 11:44:01 [scrapy] DEBUG: Crawled (200) <GET https://www.amazon.com.tr/Gen%C3%A7ler-Nutuk-Mustafa-Kemal-Atat%C3%BCrk/dp/9750843576/ref=sr_1_8?keywords=nutuk&qid=1670937730&s=books&sr=1-8> (referer: https://www.amazon.com.tr/s?k=nutuk&i=stripbooks) ['cached']
2022-12-14 11:44:01 [scrapy] DEBUG: Crawled (200) <GET https://www.amazon.com.tr/NUTUK-S%C3%96YLEV-Mustafa-Kemal-Atat%C3%BCrk/dp/9754684324/ref=sr_1_7?keywords=nutuk&qid=1670937730&s=books&sr=1-7> (referer: https://www.amazon.com.tr/s?k=nutuk&i=stripbooks) ['cached']
2022-12-14 11:44:01 [scrapy] DEBUG: Crawled (200) <GET https://www.amazon.com.tr/Hat%C4%B1ratlarla-Kar%C5%9F%C4%B1la%C5%9Ft%C4%B1rmal%C4%B1-Nutuk-Mustafa-Atat%C3%BCrk/dp/6057864840/ref=sr_1_6?keywords=nutuk&qid=1670937730&s=books&sr=1-6> (referer: https://www.amazon.com.tr/s?k=nutuk&i=stripbooks) ['cached']
2022-12-14 11:44:01 [scrapy] DEBUG: Scraped from <200 https://www.amazon.com.tr/Nutuk-Kutulu-Ciltli-Mustafa-Atat%C3%BCrk/dp/9750820037/ref=sr_1_1?keywords=nutuk&qid=1670937730&s=books&sr=1-1>
{'provider': 'AMAZON', 'title': 'Nutuk (Kutulu) Ciltli', 'price': 436.47, 'author': 'Mustafa Kemal Atatürk', 'product_url': 'https://www.amazon.com.tr/Nutuk-Kutulu-Ciltli-Mustafa-Atat%C3%BCrk/dp/9750820037', 'image_url': 'https://m.media-amazon.com/images/I/31pZ-VDOOcL.jpg', 'publisher': 'Yapı Kredi Yayınları'}
2022-12-14 11:44:01 [scrapy] DEBUG: Scraped from <200 https://www.amazon.com.tr/Nutuk-Foto%C4%9Fraflarla-Mustafa-Kemal-Atat%C3%BCrk/dp/6059371841/ref=sr_1_10?keywords=nutuk&qid=1670937730&s=books&sr=1-10>
{'provider': 'AMAZON', 'title': 'Nutuk: Fotoğraflarla - Tam Metin', 'price': 26.92, 'author': 'Mustafa Kemal Atatürk', 'product_url': 'https://www.amazon.com.tr/Nutuk-Foto%C4%9Fraflarla-Mustafa-Kemal-Atat%C3%BCrk/dp/6059371841', 'image_url': 'https://m.media-amazon.com/images/I/41Oh7avR8cL.jpg', 'publisher': 'Panama Yayıncılık'}
2022-12-14 11:44:01 [scrapy] DEBUG: Scraped from <200 https://www.amazon.com.tr/G%C3%BCn%C3%BCm%C3%BCz-T%C3%BCrk%C3%A7esiyle-Nutuk-Mustafa-Atat%C3%BCrk/dp/9750842952/ref=sr_1_9?keywords=nutuk&qid=1670937730&s=books&sr=1-9>
{'provider': 'AMAZON', 'title': 'Günümüz Türkçesiyle Nutuk', 'price': 37.32, 'author': 'GAZİ MUSTAFA KEMAL ATATÜRK', 'product_url': 'https://www.amazon.com.tr/G%C3%BCn%C3%BCm%C3%BCz-T%C3%BCrk%C3%A7esiyle-Nutuk-Mustafa-Atat%C3%BCrk/dp/9750842952', 'image_url': 'https://m.media-amazon.com/images/I/419R7BsGywL.jpg', 'publisher': 'Yapıkredi Yayınları'}
2022-12-14 11:44:01 [scrapy] DEBUG: Scraped from <200 https://www.amazon.com.tr/Gen%C3%A7ler-Nutuk-Mustafa-Kemal-Atat%C3%BCrk/dp/9750843576/ref=sr_1_8?keywords=nutuk&qid=1670937730&s=books&sr=1-8>
{'provider': 'AMAZON', 'title': 'Gençler İçin Nutuk', 'price': 11.99, 'author': 'GAZİ MUSTAFA KEMAL ATATÜRK', 'product_url': 'https://www.amazon.com.tr/Gen%C3%A7ler-Nutuk-Mustafa-Kemal-Atat%C3%BCrk/dp/9750843576', 'image_url': 'https://m.media-amazon.com/images/I/41W1RsQjeXL.jpg', 'publisher': 'Yapıkredi Yayınları'}
2022-12-14 11:44:01 [scrapy] DEBUG: Scraped from <200 https://www.amazon.com.tr/NUTUK-S%C3%96YLEV-Mustafa-Kemal-Atat%C3%BCrk/dp/9754684324/ref=sr_1_7?keywords=nutuk&qid=1670937730&s=books&sr=1-7>
{'provider': 'AMAZON', 'title': 'Nutuk (Söylev): Tam Metin', 'price': 32.47, 'author': 'Mustafa Kemal Atatürk', 'product_url': 'https://www.amazon.com.tr/NUTUK-S%C3%96YLEV-Mustafa-Kemal-Atat%C3%BCrk/dp/9754684324', 'image_url': 'https://m.media-amazon.com/images/I/41EUShCNhGL.jpg', 'publisher': 'Say Yayınları'}
2022-12-14 11:44:01 [scrapy] DEBUG: Crawled (200) <GET https://www.amazon.com.tr/Nutuk-Ciltli-Osmanl%C4%B1ca-Bakanl%C4%B1%C4%9F%C4%B1-Tavsiyeli/dp/6051715169/ref=sr_1_5?keywords=nutuk&qid=1670937730&s=books&sr=1-5> (referer: https://www.amazon.com.tr/s?k=nutuk&i=stripbooks) ['cached']
2022-12-14 11:44:01 [scrapy] DEBUG: Crawled (200) <GET https://www.amazon.com.tr/Nutuk-Ciltli-Mustafa-Kemal-Atat%C3%BCrk/dp/9750851390/ref=sr_1_4?keywords=nutuk&qid=1670937730&s=books&sr=1-4> (referer: https://www.amazon.com.tr/s?k=nutuk&i=stripbooks) ['cached']
2022-12-14 11:44:01 [scrapy] DEBUG: Crawled (200) <GET https://www.amazon.com.tr/Hat%C4%B1ratlarla-Kar%C5%9F%C4%B1la%C5%9Ft%C4%B1rmal%C4%B1-Nutuk-Kutulu-Ciltli/dp/6057864859/ref=sr_1_3?keywords=nutuk&qid=1670937730&s=books&sr=1-3> (referer: https://www.amazon.com.tr/s?k=nutuk&i=stripbooks) ['cached']
2022-12-14 11:44:01 [scrapy] DEBUG: Scraped from <200 https://www.amazon.com.tr/Hat%C4%B1ratlarla-Kar%C5%9F%C4%B1la%C5%9Ft%C4%B1rmal%C4%B1-Nutuk-Mustafa-Atat%C3%BCrk/dp/6057864840/ref=sr_1_6?keywords=nutuk&qid=1670937730&s=books&sr=1-6>
{'provider': 'AMAZON', 'title': 'Hatıratlarla Karşılaştırmalı Nutuk', 'price': 40.16, 'author': 'Mustafa Kemal Atatürk', 'product_url': 'https://www.amazon.com.tr/Hat%C4%B1ratlarla-Kar%C5%9F%C4%B1la%C5%9Ft%C4%B1rmal%C4%B1-Nutuk-Mustafa-Atat%C3%BCrk/dp/6057864840', 'image_url': 'https://m.media-amazon.com/images/I/51kWIcuTvbL.jpg', 'publisher': 'Kültür A.Ş.'}
2022-12-14 11:44:01 [scrapy] DEBUG: Crawled (200) <GET https://www.amazon.com.tr/Nutuk-Foto%C4%9Fraflarla-Mustafa-Kemal-Atat%C3%BCrk/dp/9944888346/ref=sr_1_2?keywords=nutuk&qid=1670937730&s=books&sr=1-2> (referer: https://www.amazon.com.tr/s?k=nutuk&i=stripbooks) ['cached']
2022-12-14 11:44:02 [scrapy] DEBUG: Scraped from <200 https://www.amazon.com.tr/Nutuk-Ciltli-Osmanl%C4%B1ca-Bakanl%C4%B1%C4%9F%C4%B1-Tavsiyeli/dp/6051715169/ref=sr_1_5?keywords=nutuk&qid=1670937730&s=books&sr=1-5>
{'provider': 'AMAZON', 'title': 'Nutuk (Ciltli): Osmanlıca Aslından Eksiksiz Tam Metin Milli Eğitim Bakanlığı Tavsiyeli 100 Temel Eser', 'price': 71.43, 'author': 'Mustafa Kemal Atatürk', 'product_url': 'https://www.amazon.com.tr/Nutuk-Ciltli-Osmanl%C4%B1ca-Bakanl%C4%B1%C4%9F%C4%B1-Tavsiyeli/dp/6051715169', 'image_url': 'https://m.media-amazon.com/images/I/51hRfY2aaRL.jpg', 'publisher': 'Alfa Yayınları'}
2022-12-14 11:44:02 [scrapy] DEBUG: Scraped from <200 https://www.amazon.com.tr/Nutuk-Ciltli-Mustafa-Kemal-Atat%C3%BCrk/dp/9750851390/ref=sr_1_4?keywords=nutuk&qid=1670937730&s=books&sr=1-4>
{'provider': 'AMAZON', 'title': 'Nutuk (Ciltli)', 'price': 50.95, 'author': 'Mustafa Kemal Atatürk', 'product_url': 'https://www.amazon.com.tr/Nutuk-Ciltli-Mustafa-Kemal-Atat%C3%BCrk/dp/9750851390', 'image_url': 'https://m.media-amazon.com/images/I/41yTqm9TDKL.jpg', 'publisher': 'Yapı Kredi Yayınları'}
2022-12-14 11:44:02 [scrapy] DEBUG: Scraped from <200 https://www.amazon.com.tr/Hat%C4%B1ratlarla-Kar%C5%9F%C4%B1la%C5%9Ft%C4%B1rmal%C4%B1-Nutuk-Kutulu-Ciltli/dp/6057864859/ref=sr_1_3?keywords=nutuk&qid=1670937730&s=books&sr=1-3>
{'provider': 'AMAZON', 'title': 'Hatıratlarla Karşılaştırmalı Nutuk - Kutulu (Ciltli)', 'price': 168.89, 'author': 'Mustafa Kemal Atatürk', 'product_url': 'https://www.amazon.com.tr/Hat%C4%B1ratlarla-Kar%C5%9F%C4%B1la%C5%9Ft%C4%B1rmal%C4%B1-Nutuk-Kutulu-Ciltli/dp/6057864859', 'image_url': 'https://m.media-amazon.com/images/I/419-NwgGoHL.jpg', 'publisher': 'Kültür A.Ş.'}
2022-12-14 11:44:02 [scrapy] DEBUG: Scraped from <200 https://www.amazon.com.tr/Nutuk-Foto%C4%9Fraflarla-Mustafa-Kemal-Atat%C3%BCrk/dp/9944888346/ref=sr_1_2?keywords=nutuk&qid=1670937730&s=books&sr=1-2>
{'provider': 'AMAZON', 'title': 'Nutuk: Gençler İçin Fotoğraflarla', 'price': 32.97, 'author': 'Mustafa Kemal Atatürk', 'product_url': 'https://www.amazon.com.tr/Nutuk-Foto%C4%9Fraflarla-Mustafa-Kemal-Atat%C3%BCrk/dp/9944888346', 'image_url': 'https://m.media-amazon.com/images/I/41-BGQaEFbL.jpg', 'publisher': 'İş Bankası Kültür Yayınları'}
2022-12-14 11:44:02 [scrapy] INFO: Closing spider (finished)
2022-12-14 11:44:02 [scrapy] INFO: Dumping Scrapy stats:
{'downloader/request_bytes': 6395,
 'downloader/request_count': 11,
 'downloader/request_method_count/GET': 11,
 'downloader/response_bytes': 2361201,
 'downloader/response_count': 11,
 'downloader/response_status_count/200': 11,
 'elapsed_time_seconds': 0.973976,
 'finish_reason': 'finished',
 'finish_time': datetime.datetime(2022, 12, 14, 8, 44, 2, 233162),
 'httpcache/hit': 11,
 'httpcompression/response_bytes': 10484841,
 'httpcompression/response_count': 11,
 'item_scraped_count': 10,
 'log_count/DEBUG': 82,
 'log_count/INFO': 34,
 'request_depth_max': 1,
 'response_received_count': 11,
 'scheduler/dequeued': 11,
 'scheduler/dequeued/memory': 11,
 'scheduler/enqueued': 11,
 'scheduler/enqueued/memory': 11,
 'start_time': datetime.datetime(2022, 12, 14, 8, 44, 1, 259186)}
2022-12-14 11:44:02 [scrapy] INFO: Spider closed (finished)
