2022-12-14 14:42:47 [scrapy] DEBUG: Crawled (200) <GET https://www.amazon.com.tr/s?k=budala&i=stripbooks> (referer: None) ['cached']
2022-12-14 14:42:48 [scrapy] DEBUG: Crawled (200) <GET https://www.amazon.com.tr/BUDALA-C%C4%B0LTS%C4%B0Z-Kolektif/dp/6053604410/ref=sr_1_1?keywords=budala&qid=1670938359&s=books&sr=1-1> (referer: https://www.amazon.com.tr/s?k=budala&i=stripbooks) ['cached']
2022-12-14 14:42:48 [scrapy] DEBUG: Crawled (200) <GET https://www.amazon.com.tr/Kibarl%C4%B1k-Budalas%C4%B1-Ciltli-Moliere/dp/6053328030/ref=sr_1_10?keywords=budala&qid=1670938359&s=books&sr=1-10> (referer: https://www.amazon.com.tr/s?k=budala&i=stripbooks) ['cached']
2022-12-14 14:42:48 [scrapy] DEBUG: Crawled (200) <GET https://www.amazon.com.tr/A%C3%A7%C4%B1kg%C3%B6z-Budalalar-Erich-Kastner/dp/9750702409/ref=sr_1_9?keywords=budala&qid=1670938359&s=books&sr=1-9> (referer: https://www.amazon.com.tr/s?k=budala&i=stripbooks) ['cached']
2022-12-14 14:42:48 [scrapy] DEBUG: Crawled (200) <GET https://www.amazon.com.tr/Budala-%C4%B0van-Lev-Nikolayevi%C3%A7-Tolstoy/dp/6254073099/ref=sr_1_8?keywords=budala&qid=1670938359&s=books&sr=1-8> (referer: https://www.amazon.com.tr/s?k=budala&i=stripbooks) ['cached']
2022-12-14 14:42:48 [scrapy] DEBUG: Crawled (200) <GET https://www.amazon.com.tr/Budala-Ciltli-Fyodor-Mihaylovi%C3%A7-Dostoyevski/dp/6254081733/ref=sr_1_7?keywords=budala&qid=1670938359&s=books&sr=1-7> (referer: https://www.amazon.com.tr/s?k=budala&i=stripbooks) ['cached']
2022-12-14 14:42:48 [scrapy] DEBUG: Crawled (200) <GET https://www.amazon.com.tr/BUDALA-II-C%C4%B0LT-Kolektif/dp/9759099624/ref=sr_1_6?keywords=budala&qid=1670938359&s=books&sr=1-6> (referer: https://www.amazon.com.tr/s?k=budala&i=stripbooks) ['cached']
2022-12-14 14:42:48 [scrapy] DEBUG: Scraped from <200 https://www.amazon.com.tr/BUDALA-C%C4%B0LTS%C4%B0Z-Kolektif/dp/6053604410/ref=sr_1_1?keywords=budala&qid=1670938359&s=books&sr=1-1>
{'provider': 'AMAZON', 'title': 'BUDALA CİLTSİZ', 'price': 35.16, 'author': 'Fyodor Mihayloviç Dostoyevski', 'product_url': 'https://www.amazon.com.tr/BUDALA-C%C4%B0LTS%C4%B0Z-Kolektif/dp/6053604410', 'image_url': 'https://m.media-amazon.com/images/I/31ZEu+b172L.jpg', 'publisher': 'İş Bankası Kültür Yayınları'}
2022-12-14 14:42:48 [scrapy] DEBUG: Crawled (200) <GET https://www.amazon.com.tr/Budala-Fyodor-Mihaylovi%C3%A7-Dostoyevski/dp/9753853181/ref=sr_1_5?keywords=budala&qid=1670938359&s=books&sr=1-5> (referer: https://www.amazon.com.tr/s?k=budala&i=stripbooks) ['cached']
2022-12-14 14:42:48 [scrapy] DEBUG: Scraped from <200 https://www.amazon.com.tr/Kibarl%C4%B1k-Budalas%C4%B1-Ciltli-Moliere/dp/6053328030/ref=sr_1_10?keywords=budala&qid=1670938359&s=books&sr=1-10>
{'provider': 'AMAZON', 'title': 'Kibarlık Budalası Ciltli', 'price': 56.94, 'author': 'Moliere', 'product_url': 'https://www.amazon.com.tr/Kibarl%C4%B1k-Budalas%C4%B1-Ciltli-Moliere/dp/6053328030', 'image_url': 'https://m.media-amazon.com/images/I/31AxqzuNqQL.jpg', 'publisher': 'İş Bankası Kültür Yayınları'}
2022-12-14 14:42:48 [scrapy] DEBUG: Scraped from <200 https://www.amazon.com.tr/A%C3%A7%C4%B1kg%C3%B6z-Budalalar-Erich-Kastner/dp/9750702409/ref=sr_1_9?keywords=budala&qid=1670938359&s=books&sr=1-9>
{'provider': 'AMAZON', 'title': 'Açıkgöz Budalalar', 'price': 22.98, 'author': 'Erich Kastner', 'product_url': 'https://www.amazon.com.tr/A%C3%A7%C4%B1kg%C3%B6z-Budalalar-Erich-Kastner/dp/9750702409', 'image_url': 'https://m.media-amazon.com/images/I/41X4VspsprL.jpg', 'publisher': 'Can Çocuk Yayınları'}
2022-12-14 14:42:48 [scrapy] DEBUG: Scraped from <200 https://www.amazon.com.tr/Budala-%C4%B0van-Lev-Nikolayevi%C3%A7-Tolstoy/dp/6254073099/ref=sr_1_8?keywords=budala&qid=1670938359&s=books&sr=1-8>
{'provider': 'AMAZON', 'title': 'Budala İvan', 'price': 24.98, 'author': 'Lev Nikolayeviç Tolstoy', 'product_url': 'https://www.amazon.com.tr/Budala-%C4%B0van-Lev-Nikolayevi%C3%A7-Tolstoy/dp/6254073099', 'image_url': 'https://m.media-amazon.com/images/I/41ANkAhGvES.jpg', 'publisher': 'Dorlion Yayınları'}
2022-12-14 14:42:48 [scrapy] DEBUG: Crawled (200) <GET https://www.amazon.com.tr/Budala-Fyodor-Mihaylovi%C3%A7-Dostoyevski/dp/6257913780/ref=sr_1_4?keywords=budala&qid=1670938359&s=books&sr=1-4> (referer: https://www.amazon.com.tr/s?k=budala&i=stripbooks) ['cached']
2022-12-14 14:42:48 [scrapy] DEBUG: Crawled (200) <GET https://www.amazon.com.tr/Budala-Elif-Batuman/dp/9750527380/ref=sr_1_3?keywords=budala&qid=1670938359&s=books&sr=1-3> (referer: https://www.amazon.com.tr/s?k=budala&i=stripbooks) ['cached']
2022-12-14 14:42:48 [scrapy] DEBUG: Crawled (200) <GET https://www.amazon.com.tr/Budala-Fyodor-Mihaylovi%C3%A7-Dostoyevski/dp/9750740874/ref=sr_1_2?keywords=budala&qid=1670938359&s=books&sr=1-2> (referer: https://www.amazon.com.tr/s?k=budala&i=stripbooks) ['cached']
2022-12-14 14:42:48 [scrapy] DEBUG: Scraped from <200 https://www.amazon.com.tr/Budala-Ciltli-Fyodor-Mihaylovi%C3%A7-Dostoyevski/dp/6254081733/ref=sr_1_7?keywords=budala&qid=1670938359&s=books&sr=1-7>
{'provider': 'AMAZON', 'title': 'Budala (Ciltli)', 'price': 131.58, 'author': 'Fyodor Mihayloviç Dostoyevski', 'product_url': 'https://www.amazon.com.tr/Budala-Ciltli-Fyodor-Mihaylovi%C3%A7-Dostoyevski/dp/6254081733', 'image_url': 'https://m.media-amazon.com/images/I/31HpWqaL0kL.jpg', 'publisher': 'Ötüken Neşriyat'}
2022-12-14 14:42:48 [scrapy] DEBUG: Scraped from <200 https://www.amazon.com.tr/BUDALA-II-C%C4%B0LT-Kolektif/dp/9759099624/ref=sr_1_6?keywords=budala&qid=1670938359&s=books&sr=1-6>
{'provider': 'AMAZON', 'title': 'BUDALA II.CİLT', 'price': 18.38, 'author': 'Kolektif', 'product_url': 'https://www.amazon.com.tr/BUDALA-II-C%C4%B0LT-Kolektif/dp/9759099624', 'image_url': 'https://m.media-amazon.com/images/I/51O99YDxrqL.jpg', 'publisher': 'İskele Yayıncılık'}
2022-12-14 14:42:48 [scrapy] DEBUG: Scraped from <200 https://www.amazon.com.tr/Budala-Fyodor-Mihaylovi%C3%A7-Dostoyevski/dp/9753853181/ref=sr_1_5?keywords=budala&qid=1670938359&s=books&sr=1-5>
{'provider': 'AMAZON', 'title': 'Budala', 'price': 84.3, 'author': 'Perihan Mağden', 'product_url': 'https://www.amazon.com.tr/Budala-Fyodor-Mihaylovi%C3%A7-Dostoyevski/dp/9753853181', 'image_url': 'https://m.media-amazon.com/images/I/414utFfxSkL.jpg', 'publisher': 'Oda Yayınları'}
2022-12-14 14:42:48 [scrapy] DEBUG: Scraped from <200 https://www.amazon.com.tr/Budala-Fyodor-Mihaylovi%C3%A7-Dostoyevski/dp/6257913780/ref=sr_1_4?keywords=budala&qid=1670938359&s=books&sr=1-4>
{'provider': 'AMAZON', 'title': 'Budala', 'price': 75.0, 'author': 'Fyodor Mihayloviç Dostoyevski', 'product_url': 'https://www.amazon.com.tr/Budala-Fyodor-Mihaylovi%C3%A7-Dostoyevski/dp/6257913780', 'image_url': 'https://m.media-amazon.com/images/I/51ZToYMweFL.jpg', 'publisher': 'İthaki Yayınları'}
2022-12-14 14:42:48 [scrapy] DEBUG: Scraped from <200 https://www.amazon.com.tr/Budala-Elif-Batuman/dp/9750527380/ref=sr_1_3?keywords=budala&qid=1670938359&s=books&sr=1-3>
{'provider': 'AMAZON', 'title': 'Budala', 'price': 75.82, 'author': 'Elif Batuman', 'product_url': 'https://www.amazon.com.tr/Budala-Elif-Batuman/dp/9750527380', 'image_url': 'https://m.media-amazon.com/images/I/4129kfWK9kL.jpg', 'publisher': 'İletişim Yayınları'}
2022-12-14 14:42:48 [scrapy] DEBUG: Scraped from <200 https://www.amazon.com.tr/Budala-Fyodor-Mihaylovi%C3%A7-Dostoyevski/dp/9750740874/ref=sr_1_2?keywords=budala&qid=1670938359&s=books&sr=1-2>
{'provider': 'AMAZON', 'title': 'Budala', 'price': 24.04, 'author': 'Fyodor Mihayloviç Dostoyevski', 'product_url': 'https://www.amazon.com.tr/Budala-Fyodor-Mihaylovi%C3%A7-Dostoyevski/dp/9750740874', 'image_url': 'https://m.media-amazon.com/images/I/41o3bOvdKEL.jpg', 'publisher': 'Can Yayınları'}
2022-12-14 14:42:48 [scrapy] INFO: Closing spider (finished)
2022-12-14 14:42:48 [scrapy] INFO: Dumping Scrapy stats:
{'downloader/request_bytes': 6234,
 'downloader/request_count': 11,
 'downloader/request_method_count/GET': 11,
 'downloader/response_bytes': 2300462,
 'downloader/response_count': 11,
 'downloader/response_status_count/200': 11,
 'elapsed_time_seconds': 0.56877,
 'finish_reason': 'finished',
 'finish_time': datetime.datetime(2022, 12, 14, 11, 42, 48, 421573),
 'httpcache/hit': 11,
 'httpcompression/response_bytes': 10118089,
 'httpcompression/response_count': 11,
 'item_scraped_count': 10,
 'log_count/DEBUG': 34,
 'log_count/INFO': 16,
 'request_depth_max': 1,
 'response_received_count': 11,
 'scheduler/dequeued': 11,
 'scheduler/dequeued/memory': 11,
 'scheduler/enqueued': 11,
 'scheduler/enqueued/memory': 11,
 'start_time': datetime.datetime(2022, 12, 14, 11, 42, 47, 852803)}
2022-12-14 14:42:48 [scrapy] INFO: Spider closed (finished)
