2022-12-14 14:50:38 [scrapy] DEBUG: Crawled (200) <GET https://kidega.com/arama/satran%C3%A7/> (referer: None) ['cached']
2022-12-14 14:50:38 [scrapy] DEBUG: Crawled (200) <GET https://kidega.com/satranc-413127/> (referer: https://kidega.com/arama/satran%C3%A7/) ['cached']
2022-12-14 14:50:38 [scrapy] DEBUG: Crawled (200) <GET https://kidega.com/kitap/satranc-256845/detay/> (referer: https://kidega.com/arama/satran%C3%A7/) ['cached']
2022-12-14 14:50:38 [scrapy] DEBUG: Crawled (200) <GET https://kidega.com/kitap/satranc-215201/detay/> (referer: https://kidega.com/arama/satran%C3%A7/) ['cached']
2022-12-14 14:50:38 [scrapy] DEBUG: Crawled (200) <GET https://kidega.com/kitap/satranc-251214/detay/> (referer: https://kidega.com/arama/satran%C3%A7/) ['cached']
2022-12-14 14:50:38 [scrapy] DEBUG: Crawled (200) <GET https://kidega.com/kitap/satranc-105213/detay/> (referer: https://kidega.com/arama/satran%C3%A7/) ['cached']
2022-12-14 14:50:38 [scrapy] DEBUG: Crawled (200) <GET https://kidega.com/kitap/satranc-400652/> (referer: https://kidega.com/arama/satran%C3%A7/) ['cached']
2022-12-14 14:50:38 [scrapy] DEBUG: Crawled (200) <GET https://kidega.com/kitap/satranc-114390/detay/> (referer: https://kidega.com/arama/satran%C3%A7/) ['cached']
2022-12-14 14:50:38 [scrapy] DEBUG: Crawled (200) <GET https://kidega.com/kitap/satranc-148126/detay/> (referer: https://kidega.com/arama/satran%C3%A7/) ['cached']
2022-12-14 14:50:38 [scrapy] DEBUG: Crawled (200) <GET https://kidega.com/kitap/satranc-200718/detay/> (referer: https://kidega.com/arama/satran%C3%A7/) ['cached']
2022-12-14 14:50:38 [scrapy] DEBUG: Crawled (200) <GET https://kidega.com/kitap/satranc-189402/detay/> (referer: https://kidega.com/arama/satran%C3%A7/) ['cached']
2022-12-14 14:50:38 [scrapy] DEBUG: Scraped from <200 https://kidega.com/satranc-413127/>
{'provider': 'KIDEGA', 'title': 'Satranç', 'price': '15.00', 'author': 'Stefan Zweig', 'product_url': 'https://kidega.com/satranc-413127/', 'image_url': 'https://img1-kidega.mncdn.com/mnresize/600/923/UPLOAD/urunler/9786056931420.jpg', 'publisher': 'Hasrem Yayınları'}
2022-12-14 14:50:38 [scrapy] DEBUG: Scraped from <200 https://kidega.com/kitap/satranc-256845/detay/>
{'provider': 'KIDEGA', 'title': 'Satranç', 'price': '26.25', 'author': 'Stefan Zweig', 'product_url': 'https://kidega.com/kitap/satranc-256845/detay/', 'image_url': 'https://img1-kidega.mncdn.com/mnresize/600/923/UPLOAD/urunler/9786055029913.jpg', 'publisher': 'Kolektif Kitap'}
2022-12-14 14:50:38 [scrapy] DEBUG: Scraped from <200 https://kidega.com/kitap/satranc-215201/detay/>
{'provider': 'KIDEGA', 'title': 'Satranç', 'price': '17.00', 'author': 'Stefan Zweig', 'product_url': 'https://kidega.com/kitap/satranc-215201/detay/', 'image_url': 'https://img1-kidega.mncdn.com/mnresize/600/923/UPLOAD/urunler/9786055418885.jpg', 'publisher': 'Nilüfer Yayınları'}
2022-12-14 14:50:38 [scrapy] DEBUG: Scraped from <200 https://kidega.com/kitap/satranc-251214/detay/>
{'provider': 'KIDEGA', 'title': 'Satranç', 'price': '7.00', 'author': 'Stefan Zweig', 'product_url': 'https://kidega.com/kitap/satranc-251214/detay/', 'image_url': 'https://img1-kidega.mncdn.com/mnresize/600/923/UPLOAD/urunler/9789752486201.jpg', 'publisher': 'Kırmızı Çatı Yayınları'}
2022-12-14 14:50:38 [scrapy] DEBUG: Scraped from <200 https://kidega.com/kitap/satranc-105213/detay/>
{'provider': 'KIDEGA', 'title': 'Satranç', 'price': '20.00', 'author': 'Stefan Zweig', 'product_url': 'https://kidega.com/kitap/satranc-105213/detay/', 'image_url': 'https://img1-kidega.mncdn.com/mnresize/600/923/UPLOAD/urunler/9786059691789.jpg', 'publisher': 'Zeplin Kitap'}
2022-12-14 14:50:38 [scrapy] DEBUG: Scraped from <200 https://kidega.com/kitap/satranc-400652/>
{'provider': 'KIDEGA', 'title': 'Satranç', 'price': '11.00', 'author': 'Stefan Zweig', 'product_url': 'https://kidega.com/kitap/satranc-400652/', 'image_url': 'https://img1-kidega.mncdn.com/mnresize/600/923/UPLOAD/urunler/9786052989449.jpg', 'publisher': 'Kırmızı Kedi Yayınevi'}
2022-12-14 14:50:38 [scrapy] DEBUG: Scraped from <200 https://kidega.com/kitap/satranc-114390/detay/>
{'provider': 'KIDEGA', 'title': 'Satranç', 'price': '21.00', 'author': 'Stefan Zweig', 'product_url': 'https://kidega.com/kitap/satranc-114390/detay/', 'image_url': 'https://img1-kidega.mncdn.com/mnresize/600/923/UPLOAD/urunler/9786055034443.jpg', 'publisher': 'Parodi Yayınları'}
2022-12-14 14:50:38 [scrapy] DEBUG: Scraped from <200 https://kidega.com/kitap/satranc-148126/detay/>
{'provider': 'KIDEGA', 'title': 'Satranç', 'price': '20.00', 'author': 'Stefan Zweig', 'product_url': 'https://kidega.com/kitap/satranc-148126/detay/', 'image_url': 'https://img1-kidega.mncdn.com/mnresize/600/923/UPLOAD/urunler/9789755747767.jpg', 'publisher': 'İnsan Kitap'}
2022-12-14 14:50:38 [scrapy] DEBUG: Scraped from <200 https://kidega.com/kitap/satranc-200718/detay/>
{'provider': 'KIDEGA', 'title': 'Satranç', 'price': '22.00', 'author': 'Stefan Zweig', 'product_url': 'https://kidega.com/kitap/satranc-200718/detay/', 'image_url': 'https://img1-kidega.mncdn.com/mnresize/600/923/UPLOAD/urunler/9789751416674.jpg', 'publisher': 'Remzi Kitabevi'}
2022-12-14 14:50:38 [scrapy] DEBUG: Scraped from <200 https://kidega.com/kitap/satranc-189402/detay/>
{'provider': 'KIDEGA', 'title': 'Satranç', 'price': '18.00', 'author': 'Stefan Zweig', 'product_url': 'https://kidega.com/kitap/satranc-189402/detay/', 'image_url': 'https://img1-kidega.mncdn.com/mnresize/600/923/UPLOAD/urunler/9786051415598.jpg', 'publisher': 'Everest Yayınları'}
2022-12-14 14:50:38 [scrapy] INFO: Closing spider (finished)
2022-12-14 14:50:38 [scrapy] INFO: Dumping Scrapy stats:
{'downloader/request_bytes': 6141,
 'downloader/request_count': 11,
 'downloader/request_method_count/GET': 11,
 'downloader/response_bytes': 1266859,
 'downloader/response_count': 11,
 'downloader/response_status_count/200': 11,
 'elapsed_time_seconds': 0.604368,
 'finish_reason': 'finished',
 'finish_time': datetime.datetime(2022, 12, 14, 11, 50, 38, 984848),
 'httpcache/hit': 11,
 'httpcompression/response_bytes': 2537689,
 'httpcompression/response_count': 11,
 'item_scraped_count': 10,
 'log_count/DEBUG': 47,
 'log_count/INFO': 10,
 'request_depth_max': 1,
 'response_received_count': 11,
 'scheduler/dequeued': 11,
 'scheduler/dequeued/memory': 11,
 'scheduler/enqueued': 11,
 'scheduler/enqueued/memory': 11,
 'start_time': datetime.datetime(2022, 12, 14, 11, 50, 38, 380480)}
2022-12-14 14:50:38 [scrapy] INFO: Spider closed (finished)
