2022-12-14 11:40:52 [scrapy] DEBUG: Crawled (200) <GET https://kidega.com/arama/nutuk/> (referer: None) ['cached']
2022-12-14 11:40:52 [scrapy] DEBUG: Crawled (200) <GET https://kidega.com/kitap/nutuk-055187/detay/> (referer: https://kidega.com/arama/nutuk/) ['cached']
2022-12-14 11:40:52 [scrapy] DEBUG: Crawled (200) <GET https://kidega.com/kitap/nutuk-097768/detay/> (referer: https://kidega.com/arama/nutuk/) ['cached']
2022-12-14 11:40:52 [scrapy] DEBUG: Crawled (200) <GET https://kidega.com/kitap/nutuk-053099/detay/> (referer: https://kidega.com/arama/nutuk/) ['cached']
2022-12-14 11:40:52 [scrapy] DEBUG: Crawled (200) <GET https://kidega.com/kitap/nutuk-368588/detay/> (referer: https://kidega.com/arama/nutuk/) ['cached']
2022-12-14 11:40:52 [scrapy] DEBUG: Crawled (200) <GET https://kidega.com/kitap/nutuk-293138/detay/> (referer: https://kidega.com/arama/nutuk/) ['cached']
2022-12-14 11:40:53 [scrapy] DEBUG: Scraped from <200 https://kidega.com/kitap/nutuk-055187/detay/>
{'provider': 'KIDEGA', 'title': 'Nutuk', 'price': 7.5, 'author': 'Mustafa Kemal Atatürk', 'product_url': 'https://kidega.com/kitap/nutuk-055187/detay/', 'image_url': 'https://img1-kidega.mncdn.com/mnresize/600/923/UPLOAD/urunler/9789754685596.jpg', 'publisher': 'Say Yayınları', 'q': 'nutuk'}
2022-12-14 11:40:53 [scrapy] DEBUG: Scraped from <200 https://kidega.com/kitap/nutuk-097768/detay/>
{'provider': 'KIDEGA', 'title': 'Nutuk', 'price': 30.0, 'author': 'Mustafa Kemal Atatürk', 'product_url': 'https://kidega.com/kitap/nutuk-097768/detay/', 'image_url': 'https://img1-kidega.mncdn.com/mnresize/600/923/UPLOAD/urunler/9789756195215.jpg', 'publisher': 'Karanfil Yayınları', 'q': 'nutuk'}
2022-12-14 11:40:53 [scrapy] DEBUG: Scraped from <200 https://kidega.com/kitap/nutuk-053099/detay/>
{'provider': 'KIDEGA', 'title': 'Nutuk', 'price': 300.0, 'author': 'Mustafa Kemal Atatürk', 'product_url': 'https://kidega.com/kitap/nutuk-053099/detay/', 'image_url': 'https://img1-kidega.mncdn.com/mnresize/600/923/UPLOAD/urunler/9789754451573.jpg', 'publisher': 'Toker Yayınları', 'q': 'nutuk'}
2022-12-14 11:40:53 [scrapy] DEBUG: Scraped from <200 https://kidega.com/kitap/nutuk-368588/detay/>
{'provider': 'KIDEGA', 'title': 'Nutuk', 'price': 70.0, 'author': 'Mustafa Kemal Atatürk', 'product_url': 'https://kidega.com/kitap/nutuk-368588/detay/', 'image_url': 'https://img1-kidega.mncdn.com/mnresize/600/923/UPLOAD/urunler/9786052114445.jpg', 'publisher': 'Ayata Kitap', 'q': 'nutuk'}
2022-12-14 11:40:53 [scrapy] DEBUG: Scraped from <200 https://kidega.com/kitap/nutuk-293138/detay/>
{'provider': 'KIDEGA', 'title': 'Nutuk', 'price': 75.0, 'author': 'Mustafa Kemal Atatürk', 'product_url': 'https://kidega.com/kitap/nutuk-293138/detay/', 'image_url': 'https://img1-kidega.mncdn.com/mnresize/600/923/UPLOAD/urunler/9786052050415.jpg', 'publisher': 'Dokuz Yayınları', 'q': 'nutuk'}
2022-12-14 11:40:54 [scrapy] DEBUG: Crawled (200) <GET https://kidega.com/kitap/nutuk-389288/> (referer: https://kidega.com/arama/nutuk/)
2022-12-14 11:40:54 [scrapy] DEBUG: Crawled (200) <GET https://kidega.com/kitap/nutuk-214875/detay/> (referer: https://kidega.com/arama/nutuk/)
2022-12-14 11:40:54 [scrapy] DEBUG: Crawled (200) <GET https://kidega.com/kitap/nutuk-087292/detay/> (referer: https://kidega.com/arama/nutuk/)
2022-12-14 11:40:54 [scrapy] DEBUG: Crawled (200) <GET https://kidega.com/kitap/nutuk-282958/detay/> (referer: https://kidega.com/arama/nutuk/)
2022-12-14 11:40:54 [scrapy] DEBUG: Crawled (200) <GET https://kidega.com/kitap/nutuk-117340/detay/> (referer: https://kidega.com/arama/nutuk/)
2022-12-14 11:40:54 [scrapy] DEBUG: Scraped from <200 https://kidega.com/kitap/nutuk-389288/>
{'provider': 'KIDEGA', 'title': 'Nutuk', 'price': 12.0, 'author': 'Mustafa Kemal Atatürk', 'product_url': 'https://kidega.com/kitap/nutuk-389288/', 'image_url': 'https://img1-kidega.mncdn.com/mnresize/600/923/UPLOAD/urunler/9786254056888.jpg', 'publisher': 'İş Bankası Kültür Yayınları', 'q': 'nutuk'}
2022-12-14 11:40:54 [scrapy] DEBUG: Scraped from <200 https://kidega.com/kitap/nutuk-214875/detay/>
{'provider': 'KIDEGA', 'title': 'Nutuk', 'price': 84.0, 'author': 'Mustafa Kemal Atatürk', 'product_url': 'https://kidega.com/kitap/nutuk-214875/detay/', 'image_url': 'https://img1-kidega.mncdn.com/mnresize/600/923/UPLOAD/urunler/9786052398173.jpg', 'publisher': 'Ren Kitap - Özel Ürün', 'q': 'nutuk'}
2022-12-14 11:40:54 [scrapy] DEBUG: Scraped from <200 https://kidega.com/kitap/nutuk-087292/detay/>
{'provider': 'KIDEGA', 'title': 'Nutuk', 'price': 110.0, 'author': 'Mustafa Kemal Atatürk', 'product_url': 'https://kidega.com/kitap/nutuk-087292/detay/', 'image_url': 'https://img1-kidega.mncdn.com/mnresize/600/923/UPLOAD/urunler/9786055907723.jpg', 'publisher': 'Nilüfer Yayınları', 'q': 'nutuk'}
2022-12-14 11:40:54 [scrapy] DEBUG: Scraped from <200 https://kidega.com/kitap/nutuk-282958/detay/>
{'provider': 'KIDEGA', 'title': 'Nutuk', 'price': 59.5, 'author': 'Mustafa Kemal Atatürk', 'product_url': 'https://kidega.com/kitap/nutuk-282958/detay/', 'image_url': 'https://img1-kidega.mncdn.com/mnresize/600/923/UPLOAD/urunler/9786059840828.jpg', 'publisher': 'En Kitap', 'q': 'nutuk'}
2022-12-14 11:40:54 [scrapy] DEBUG: Scraped from <200 https://kidega.com/kitap/nutuk-117340/detay/>
{'provider': 'KIDEGA', 'title': 'Nutuk', 'price': 30.0, 'author': 'Mustafa Kemal Atatürk', 'product_url': 'https://kidega.com/kitap/nutuk-117340/detay/', 'image_url': 'https://img1-kidega.mncdn.com/mnresize/600/923/UPLOAD/urunler/9789752206960.jpg', 'publisher': 'Bilgi Yayınevi', 'q': 'nutuk'}
2022-12-14 11:40:54 [scrapy] INFO: Closing spider (finished)
2022-12-14 11:40:54 [scrapy] INFO: Dumping Scrapy stats:
{'downloader/request_bytes': 6056,
 'downloader/request_count': 11,
 'downloader/request_method_count/GET': 11,
 'downloader/response_bytes': 1271168,
 'downloader/response_count': 11,
 'downloader/response_status_count/200': 11,
 'elapsed_time_seconds': 1.910488,
 'finish_reason': 'finished',
 'finish_time': datetime.datetime(2022, 12, 14, 8, 40, 54, 224046),
 'httpcache/firsthand': 5,
 'httpcache/hit': 6,
 'httpcache/miss': 5,
 'httpcache/store': 5,
 'httpcompression/response_bytes': 2555671,
 'httpcompression/response_count': 11,
 'item_scraped_count': 10,
 'log_count/DEBUG': 80,
 'log_count/INFO': 22,
 'request_depth_max': 1,
 'response_received_count': 11,
 'scheduler/dequeued': 11,
 'scheduler/dequeued/memory': 11,
 'scheduler/enqueued': 11,
 'scheduler/enqueued/memory': 11,
 'start_time': datetime.datetime(2022, 12, 14, 8, 40, 52, 313558)}
2022-12-14 11:40:54 [scrapy] INFO: Spider closed (finished)
