2022-12-14 11:44:01 [scrapy] DEBUG: Crawled (200) <GET https://www.idefix.com/Search?ActiveCategoryId=11693&MainCategoryId=0&Q=nutuk&redirect=search&Page=1> (referer: None) ['cached']
2022-12-14 11:44:01 [scrapy] DEBUG: Crawled (200) <GET https://www.idefix.com/kitap/nutuk/arastirma-tarih/tarih/ataturk/urunno=0001720020001> (referer: https://www.idefix.com/Search?ActiveCategoryId=11693&MainCategoryId=0&Q=nutuk&redirect=search&Page=1) ['cached']
2022-12-14 11:44:01 [scrapy] DEBUG: Crawled (200) <GET https://www.idefix.com/kitap/nutuk/arastirma-tarih/tarih/ataturk/urunno=0001820755001> (referer: https://www.idefix.com/Search?ActiveCategoryId=11693&MainCategoryId=0&Q=nutuk&redirect=search&Page=1) ['cached']
2022-12-14 11:44:01 [scrapy] DEBUG: Crawled (200) <GET https://www.idefix.com/kitap/nutuk/arastirma-tarih/tarih/ataturk/urunno=0001734420001> (referer: https://www.idefix.com/Search?ActiveCategoryId=11693&MainCategoryId=0&Q=nutuk&redirect=search&Page=1) ['cached']
2022-12-14 11:44:01 [scrapy] DEBUG: Crawled (200) <GET https://www.idefix.com/kitap/nutuk/mustafa-kemal-ataturk/edebiyat/biyografi-oto-biyografi/urunno=0001797169001> (referer: https://www.idefix.com/Search?ActiveCategoryId=11693&MainCategoryId=0&Q=nutuk&redirect=search&Page=1) ['cached']
2022-12-14 11:44:01 [scrapy] DEBUG: Crawled (200) <GET https://www.idefix.com/kitap/nutuk/arastirma-tarih/tarih/ataturk/urunno=0001946867001> (referer: https://www.idefix.com/Search?ActiveCategoryId=11693&MainCategoryId=0&Q=nutuk&redirect=search&Page=1) ['cached']
2022-12-14 11:44:01 [scrapy] DEBUG: Crawled (200) <GET https://www.idefix.com/kitap/nutuk/mustafa-kemal-ataturk/arastirma-tarih/tarih/ataturk/urunno=0001881499001> (referer: https://www.idefix.com/Search?ActiveCategoryId=11693&MainCategoryId=0&Q=nutuk&redirect=search&Page=1) ['cached']
2022-12-14 11:44:01 [scrapy] DEBUG: Crawled (200) <GET https://www.idefix.com/kitap/nutuk/arastirma-tarih/tarih/ataturk/urunno=0001700488001> (referer: https://www.idefix.com/Search?ActiveCategoryId=11693&MainCategoryId=0&Q=nutuk&redirect=search&Page=1) ['cached']
2022-12-14 11:44:01 [scrapy] DEBUG: Crawled (200) <GET https://www.idefix.com/kitap/nutuk/arastirma-tarih/tarih/ataturk/urunno=0001857106001> (referer: https://www.idefix.com/Search?ActiveCategoryId=11693&MainCategoryId=0&Q=nutuk&redirect=search&Page=1) ['cached']
2022-12-14 11:44:01 [scrapy] DEBUG: Crawled (200) <GET https://www.idefix.com/kitap/nutuk/arastirma-tarih/tarih/ataturk/urunno=0001698101001> (referer: https://www.idefix.com/Search?ActiveCategoryId=11693&MainCategoryId=0&Q=nutuk&redirect=search&Page=1) ['cached']
2022-12-14 11:44:01 [scrapy] DEBUG: Crawled (200) <GET https://www.idefix.com/kitap/nutuk/arastirma-tarih/tarih/ataturk/urunno=0001698331001> (referer: https://www.idefix.com/Search?ActiveCategoryId=11693&MainCategoryId=0&Q=nutuk&redirect=search&Page=1) ['cached']
2022-12-14 11:44:01 [scrapy] DEBUG: Scraped from <200 https://www.idefix.com/kitap/nutuk/arastirma-tarih/tarih/ataturk/urunno=0001720020001>
{'provider': 'IDEFIX', 'title': 'Nutuk', 'price': '35.20', 'author': 'Mustafa Kemal Atatürk', 'product_url': 'https://www.idefix.com/kitap/nutuk/arastirma-tarih/tarih/ataturk/urunno=0001720020001', 'image_url': 'https://i.idefix.com/cache/500x400-0/originals/0001720020001-1.jpg', 'publisher': 'Alfa Yayıncılık'}
2022-12-14 11:44:01 [scrapy] DEBUG: Scraped from <200 https://www.idefix.com/kitap/nutuk/arastirma-tarih/tarih/ataturk/urunno=0001820755001>
{'provider': 'IDEFIX', 'title': 'Nutuk', 'price': '34.00', 'author': 'Mustafa Kemal Atatürk', 'product_url': 'https://www.idefix.com/kitap/nutuk/arastirma-tarih/tarih/ataturk/urunno=0001820755001', 'image_url': 'https://i.idefix.com/cache/500x400-0/originals/0001820755001-1.jpg', 'publisher': 'İstek'}
2022-12-14 11:44:01 [scrapy] DEBUG: Scraped from <200 https://www.idefix.com/kitap/nutuk/arastirma-tarih/tarih/ataturk/urunno=0001734420001>
{'provider': 'IDEFIX', 'title': 'Nutuk', 'price': '41.80', 'author': 'Mustafa Kemal Atatürk', 'product_url': 'https://www.idefix.com/kitap/nutuk/arastirma-tarih/tarih/ataturk/urunno=0001734420001', 'image_url': 'https://i.idefix.com/cache/500x400-0/originals/0001734420001-1.jpg', 'publisher': 'Fark Yayınevi'}
2022-12-14 11:44:01 [scrapy] DEBUG: Scraped from <200 https://www.idefix.com/kitap/nutuk/mustafa-kemal-ataturk/edebiyat/biyografi-oto-biyografi/urunno=0001797169001>
{'provider': 'IDEFIX', 'title': 'Nutuk', 'price': '52.50', 'author': 'Mustafa Kemal Atatürk', 'product_url': 'https://www.idefix.com/kitap/nutuk/mustafa-kemal-ataturk/edebiyat/biyografi-oto-biyografi/urunno=0001797169001', 'image_url': 'https://i.idefix.com/cache/500x400-0/originals/0001797169001-1.jpg', 'publisher': 'Dokuz Yayınları'}
2022-12-14 11:44:02 [scrapy] DEBUG: Scraped from <200 https://www.idefix.com/kitap/nutuk/arastirma-tarih/tarih/ataturk/urunno=0001946867001>
{'provider': 'IDEFIX', 'title': 'Nutuk', 'price': '51.00', 'author': 'Mustafa Kemal Atatürk', 'product_url': 'https://www.idefix.com/kitap/nutuk/arastirma-tarih/tarih/ataturk/urunno=0001946867001', 'image_url': 'https://i.idefix.com/cache/500x400-0/originals/0001946867001-1.jpg', 'publisher': 'Yapı Kredi Yayınları'}
2022-12-14 11:44:02 [scrapy] DEBUG: Scraped from <200 https://www.idefix.com/kitap/nutuk/mustafa-kemal-ataturk/arastirma-tarih/tarih/ataturk/urunno=0001881499001>
{'provider': 'IDEFIX', 'title': 'Nutuk', 'price': '56.00', 'author': 'Mustafa Kemal Atatürk', 'product_url': 'https://www.idefix.com/kitap/nutuk/mustafa-kemal-ataturk/arastirma-tarih/tarih/ataturk/urunno=0001881499001', 'image_url': 'https://i.idefix.com/cache/500x400-0/originals/0001881499001-1.jpg', 'publisher': 'Sözcü Kitabevi'}
2022-12-14 11:44:02 [scrapy] DEBUG: Scraped from <200 https://www.idefix.com/kitap/nutuk/arastirma-tarih/tarih/ataturk/urunno=0001700488001>
{'provider': 'IDEFIX', 'title': 'Nutuk', 'price': '36.00', 'author': 'Mustafa Kemal Atatürk', 'product_url': 'https://www.idefix.com/kitap/nutuk/arastirma-tarih/tarih/ataturk/urunno=0001700488001', 'image_url': 'https://i.idefix.com/cache/500x400-0/originals/0001700488001-1.jpg', 'publisher': 'Bilgi Yayınevi'}
2022-12-14 11:44:02 [scrapy] DEBUG: Scraped from <200 https://www.idefix.com/kitap/nutuk/arastirma-tarih/tarih/ataturk/urunno=0001857106001>
{'provider': 'IDEFIX', 'title': 'Nutuk', 'price': '53.75', 'author': 'Mustafa Kemal Atatürk', 'product_url': 'https://www.idefix.com/kitap/nutuk/arastirma-tarih/tarih/ataturk/urunno=0001857106001', 'image_url': 'https://i.idefix.com/cache/500x400-0/originals/0001857106001-1.jpg', 'publisher': 'Girdap'}
2022-12-14 11:44:02 [scrapy] DEBUG: Scraped from <200 https://www.idefix.com/kitap/nutuk/arastirma-tarih/tarih/ataturk/urunno=0001698101001>
{'provider': 'IDEFIX', 'title': 'Nutuk', 'price': '26.95', 'author': 'Mustafa Kemal Atatürk', 'product_url': 'https://www.idefix.com/kitap/nutuk/arastirma-tarih/tarih/ataturk/urunno=0001698101001', 'image_url': 'https://i.idefix.com/cache/500x400-0/originals/0001698101001-1.jpg', 'publisher': 'Panama Yayıncılık'}
2022-12-14 11:44:02 [scrapy] DEBUG: Scraped from <200 https://www.idefix.com/kitap/nutuk/arastirma-tarih/tarih/ataturk/urunno=0001698331001>
{'provider': 'IDEFIX', 'title': 'Nutuk', 'price': '46.75', 'author': 'Mustafa Kemal Atatürk', 'product_url': 'https://www.idefix.com/kitap/nutuk/arastirma-tarih/tarih/ataturk/urunno=0001698331001', 'image_url': 'https://i.idefix.com/cache/500x400-0/originals/0001698331001-1.jpg', 'publisher': 'En Kitap'}
2022-12-14 11:44:02 [scrapy] INFO: Closing spider (finished)
2022-12-14 11:44:02 [scrapy] INFO: Dumping Scrapy stats:
{'downloader/request_bytes': 5788,
 'downloader/request_count': 11,
 'downloader/request_method_count/GET': 11,
 'downloader/response_bytes': 487296,
 'downloader/response_count': 11,
 'downloader/response_status_count/200': 11,
 'elapsed_time_seconds': 0.759978,
 'finish_reason': 'finished',
 'finish_time': datetime.datetime(2022, 12, 14, 8, 44, 2, 77162),
 'httpcache/hit': 11,
 'httpcompression/response_bytes': 1753194,
 'httpcompression/response_count': 11,
 'item_scraped_count': 10,
 'log_count/DEBUG': 69,
 'log_count/INFO': 13,
 'request_depth_max': 1,
 'response_received_count': 11,
 'scheduler/dequeued': 11,
 'scheduler/dequeued/memory': 11,
 'scheduler/enqueued': 11,
 'scheduler/enqueued/memory': 11,
 'start_time': datetime.datetime(2022, 12, 14, 8, 44, 1, 317184)}
2022-12-14 11:44:02 [scrapy] INFO: Spider closed (finished)
